  Application.cpp
     Creating library D:\Projekty\c++\simple-game-framework\sgf\\bin\x64-Release\sgf.lib and object D:\Projekty\c++\simple-game-framework\sgf\\bin\x64-Release\sgf.exp
  Generating code
  Previous IPDB not found, fall back to full compilation.
  All 14 functions were compiled because no usable IPDB/IOBJ from previous compilation was found.
  Finished generating code
  sgf.vcxproj -> D:\Projekty\c++\simple-game-framework\sgf\bin\x64-Release\sgf.dll
  D:\Projekty\c++\simple-game-framework\sgf\src\SGF.h
  D:\Projekty\c++\simple-game-framework\sgf\src\SGF\api.h
  D:\Projekty\c++\simple-game-framework\sgf\src\SGF\Application.h
  3 File(s) copied
  D:\Projekty\c++\simple-game-framework\sgf\bin\x64-Release\sgf.lib
  1 File(s) copied
  D:\Projekty\c++\simple-game-framework\sgf\bin\x64-Release\sgf.dll
  1 File(s) copied
  D:\Projekty\c++\simple-game-framework\sgf\bin\x64-Release\sgf.lib
  1 File(s) copied
  D:\Projekty\c++\simple-game-framework\sgf\bin\x64-Release\sgf.dll
  1 File(s) copied
  D:\Projekty\c++\simple-game-framework\sgf\src\SGF.h
  D:\Projekty\c++\simple-game-framework\sgf\src\SGF\api.h
  D:\Projekty\c++\simple-game-framework\sgf\src\SGF\Application.h
  3 File(s) copied
  D:\Projekty\c++\simple-game-framework\sgf\vendor\spdlog\include\spdlog\async.h
  D:\Projekty\c++\simple-game-framework\sgf\vendor\spdlog\include\spdlog\async_logger-inl.h
  D:\Projekty\c++\simple-game-framework\sgf\vendor\spdlog\include\spdlog\async_logger.h
  D:\Projekty\c++\simple-game-framework\sgf\vendor\spdlog\include\spdlog\common-inl.h
  D:\Projekty\c++\simple-game-framework\sgf\vendor\spdlog\include\spdlog\common.h
  D:\Projekty\c++\simple-game-framework\sgf\vendor\spdlog\include\spdlog\formatter.h
  D:\Projekty\c++\simple-game-framework\sgf\vendor\spdlog\include\spdlog\fwd.h
  D:\Projekty\c++\simple-game-framework\sgf\vendor\spdlog\include\spdlog\logger-inl.h
  D:\Projekty\c++\simple-game-framework\sgf\vendor\spdlog\include\spdlog\logger.h
  D:\Projekty\c++\simple-game-framework\sgf\vendor\spdlog\include\spdlog\pattern_formatter-inl.h
  D:\Projekty\c++\simple-game-framework\sgf\vendor\spdlog\include\spdlog\pattern_formatter.h
  D:\Projekty\c++\simple-game-framework\sgf\vendor\spdlog\include\spdlog\spdlog-inl.h
  D:\Projekty\c++\simple-game-framework\sgf\vendor\spdlog\include\spdlog\spdlog.h
  D:\Projekty\c++\simple-game-framework\sgf\vendor\spdlog\include\spdlog\stopwatch.h
  D:\Projekty\c++\simple-game-framework\sgf\vendor\spdlog\include\spdlog\tweakme.h
  D:\Projekty\c++\simple-game-framework\sgf\vendor\spdlog\include\spdlog\version.h
  D:\Projekty\c++\simple-game-framework\sgf\vendor\spdlog\include\spdlog\cfg\argv.h
  D:\Projekty\c++\simple-game-framework\sgf\vendor\spdlog\include\spdlog\cfg\env.h
  D:\Projekty\c++\simple-game-framework\sgf\vendor\spdlog\include\spdlog\cfg\helpers-inl.h
  D:\Projekty\c++\simple-game-framework\sgf\vendor\spdlog\include\spdlog\cfg\helpers.h
  D:\Projekty\c++\simple-game-framework\sgf\vendor\spdlog\include\spdlog\details\backtracer-inl.h
  D:\Projekty\c++\simple-game-framework\sgf\vendor\spdlog\include\spdlog\details\backtracer.h
  D:\Projekty\c++\simple-game-framework\sgf\vendor\spdlog\include\spdlog\details\circular_q.h
  D:\Projekty\c++\simple-game-framework\sgf\vendor\spdlog\include\spdlog\details\console_globals.h
  D:\Projekty\c++\simple-game-framework\sgf\vendor\spdlog\include\spdlog\details\file_helper-inl.h
  D:\Projekty\c++\simple-game-framework\sgf\vendor\spdlog\include\spdlog\details\file_helper.h
  D:\Projekty\c++\simple-game-framework\sgf\vendor\spdlog\include\spdlog\details\fmt_helper.h
  D:\Projekty\c++\simple-game-framework\sgf\vendor\spdlog\include\spdlog\details\log_msg-inl.h
  D:\Projekty\c++\simple-game-framework\sgf\vendor\spdlog\include\spdlog\details\log_msg.h
  D:\Projekty\c++\simple-game-framework\sgf\vendor\spdlog\include\spdlog\details\log_msg_buffer-inl.h
  D:\Projekty\c++\simple-game-framework\sgf\vendor\spdlog\include\spdlog\details\log_msg_buffer.h
  D:\Projekty\c++\simple-game-framework\sgf\vendor\spdlog\include\spdlog\details\mpmc_blocking_q.h
  D:\Projekty\c++\simple-game-framework\sgf\vendor\spdlog\include\spdlog\details\null_mutex.h
  D:\Projekty\c++\simple-game-framework\sgf\vendor\spdlog\include\spdlog\details\os-inl.h
  D:\Projekty\c++\simple-game-framework\sgf\vendor\spdlog\include\spdlog\details\os.h
  D:\Projekty\c++\simple-game-framework\sgf\vendor\spdlog\include\spdlog\details\periodic_worker-inl.h
  D:\Projekty\c++\simple-game-framework\sgf\vendor\spdlog\include\spdlog\details\periodic_worker.h
  D:\Projekty\c++\simple-game-framework\sgf\vendor\spdlog\include\spdlog\details\registry-inl.h
  D:\Projekty\c++\simple-game-framework\sgf\vendor\spdlog\include\spdlog\details\registry.h
  D:\Projekty\c++\simple-game-framework\sgf\vendor\spdlog\include\spdlog\details\synchronous_factory.h
  D:\Projekty\c++\simple-game-framework\sgf\vendor\spdlog\include\spdlog\details\tcp_client-windows.h
  D:\Projekty\c++\simple-game-framework\sgf\vendor\spdlog\include\spdlog\details\tcp_client.h
  D:\Projekty\c++\simple-game-framework\sgf\vendor\spdlog\include\spdlog\details\thread_pool-inl.h
  D:\Projekty\c++\simple-game-framework\sgf\vendor\spdlog\include\spdlog\details\thread_pool.h
  D:\Projekty\c++\simple-game-framework\sgf\vendor\spdlog\include\spdlog\details\windows_include.h
  D:\Projekty\c++\simple-game-framework\sgf\vendor\spdlog\include\spdlog\fmt\bin_to_hex.h
  D:\Projekty\c++\simple-game-framework\sgf\vendor\spdlog\include\spdlog\fmt\chrono.h
  D:\Projekty\c++\simple-game-framework\sgf\vendor\spdlog\include\spdlog\fmt\fmt.h
  D:\Projekty\c++\simple-game-framework\sgf\vendor\spdlog\include\spdlog\fmt\ostr.h
  D:\Projekty\c++\simple-game-framework\sgf\vendor\spdlog\include\spdlog\fmt\bundled\chrono.h
  D:\Projekty\c++\simple-game-framework\sgf\vendor\spdlog\include\spdlog\fmt\bundled\color.h
  D:\Projekty\c++\simple-game-framework\sgf\vendor\spdlog\include\spdlog\fmt\bundled\compile.h
  D:\Projekty\c++\simple-game-framework\sgf\vendor\spdlog\include\spdlog\fmt\bundled\core.h
  D:\Projekty\c++\simple-game-framework\sgf\vendor\spdlog\include\spdlog\fmt\bundled\format-inl.h
  D:\Projekty\c++\simple-game-framework\sgf\vendor\spdlog\include\spdlog\fmt\bundled\format.h
  D:\Projekty\c++\simple-game-framework\sgf\vendor\spdlog\include\spdlog\fmt\bundled\LICENSE.rst
  D:\Projekty\c++\simple-game-framework\sgf\vendor\spdlog\include\spdlog\fmt\bundled\locale.h
  D:\Projekty\c++\simple-game-framework\sgf\vendor\spdlog\include\spdlog\fmt\bundled\os.h
  D:\Projekty\c++\simple-game-framework\sgf\vendor\spdlog\include\spdlog\fmt\bundled\ostream.h
  D:\Projekty\c++\simple-game-framework\sgf\vendor\spdlog\include\spdlog\fmt\bundled\posix.h
  D:\Projekty\c++\simple-game-framework\sgf\vendor\spdlog\include\spdlog\fmt\bundled\printf.h
  D:\Projekty\c++\simple-game-framework\sgf\vendor\spdlog\include\spdlog\fmt\bundled\ranges.h
  D:\Projekty\c++\simple-game-framework\sgf\vendor\spdlog\include\spdlog\sinks\android_sink.h
  D:\Projekty\c++\simple-game-framework\sgf\vendor\spdlog\include\spdlog\sinks\ansicolor_sink-inl.h
  D:\Projekty\c++\simple-game-framework\sgf\vendor\spdlog\include\spdlog\sinks\ansicolor_sink.h
  D:\Projekty\c++\simple-game-framework\sgf\vendor\spdlog\include\spdlog\sinks\base_sink-inl.h
  D:\Projekty\c++\simple-game-framework\sgf\vendor\spdlog\include\spdlog\sinks\base_sink.h
  D:\Projekty\c++\simple-game-framework\sgf\vendor\spdlog\include\spdlog\sinks\basic_file_sink-inl.h
  D:\Projekty\c++\simple-game-framework\sgf\vendor\spdlog\include\spdlog\sinks\basic_file_sink.h
  D:\Projekty\c++\simple-game-framework\sgf\vendor\spdlog\include\spdlog\sinks\daily_file_sink.h
  D:\Projekty\c++\simple-game-framework\sgf\vendor\spdlog\include\spdlog\sinks\dist_sink.h
  D:\Projekty\c++\simple-game-framework\sgf\vendor\spdlog\include\spdlog\sinks\dup_filter_sink.h
  D:\Projekty\c++\simple-game-framework\sgf\vendor\spdlog\include\spdlog\sinks\msvc_sink.h
  D:\Projekty\c++\simple-game-framework\sgf\vendor\spdlog\include\spdlog\sinks\null_sink.h
  D:\Projekty\c++\simple-game-framework\sgf\vendor\spdlog\include\spdlog\sinks\ostream_sink.h
  D:\Projekty\c++\simple-game-framework\sgf\vendor\spdlog\include\spdlog\sinks\ringbuffer_sink.h
  D:\Projekty\c++\simple-game-framework\sgf\vendor\spdlog\include\spdlog\sinks\rotating_file_sink-inl.h
  D:\Projekty\c++\simple-game-framework\sgf\vendor\spdlog\include\spdlog\sinks\rotating_file_sink.h
  D:\Projekty\c++\simple-game-framework\sgf\vendor\spdlog\include\spdlog\sinks\sink-inl.h
  D:\Projekty\c++\simple-game-framework\sgf\vendor\spdlog\include\spdlog\sinks\sink.h
  D:\Projekty\c++\simple-game-framework\sgf\vendor\spdlog\include\spdlog\sinks\stdout_color_sinks-inl.h
  D:\Projekty\c++\simple-game-framework\sgf\vendor\spdlog\include\spdlog\sinks\stdout_color_sinks.h
  D:\Projekty\c++\simple-game-framework\sgf\vendor\spdlog\include\spdlog\sinks\stdout_sinks-inl.h
  D:\Projekty\c++\simple-game-framework\sgf\vendor\spdlog\include\spdlog\sinks\stdout_sinks.h
  D:\Projekty\c++\simple-game-framework\sgf\vendor\spdlog\include\spdlog\sinks\syslog_sink.h
  D:\Projekty\c++\simple-game-framework\sgf\vendor\spdlog\include\spdlog\sinks\systemd_sink.h
  D:\Projekty\c++\simple-game-framework\sgf\vendor\spdlog\include\spdlog\sinks\tcp_sink.h
  D:\Projekty\c++\simple-game-framework\sgf\vendor\spdlog\include\spdlog\sinks\wincolor_sink-inl.h
  D:\Projekty\c++\simple-game-framework\sgf\vendor\spdlog\include\spdlog\sinks\wincolor_sink.h
  D:\Projekty\c++\simple-game-framework\sgf\vendor\spdlog\include\spdlog\sinks\win_eventlog_sink.h
  90 File(s) copied
